<?xml version="1.0" encoding="UTF-8"?>
<testsuite xmlns:xsi="http://www.w3.org/2001/XMLSchema-instance" xsi:noNamespaceSchemaLocation="https://maven.apache.org/surefire/maven-surefire-plugin/xsd/surefire-test-report.xsd" name="com.koala.service.CartServiceImplTest" time="0.221" tests="9" errors="0" skipped="0" failures="0">
  <properties>
[...]
</properties>
  <testcase name="add_exceedStock_rejected" classname="com.koala.service.CartServiceImplTest" time="0.163"/>
  <testcase name="add_newItem_inserts" classname="com.koala.service.CartServiceImplTest" time="0.005"/>
  <testcase name="list_emptyCart_returnsEmptyView" classname="com.koala.service.CartServiceImplTest" time="0.008"/>
  <testcase name="remove_delegatesToRepository" classname="com.koala.service.CartServiceImplTest" time="0.004"/>
  <testcase name="add_skuNotFound_throwsDataNotFound" classname="com.koala.service.CartServiceImplTest" time="0.003"/>
  <testcase name="add_exceedPerOrderLimit_rejected" classname="com.koala.service.CartServiceImplTest" time="0.002"/>
  <testcase name="add_existingItem_accumulatesQuantity" classname="com.koala.service.CartServiceImplTest" time="0.003"/>
  <testcase name="list_checkedValidItem_sumsCheckedAmount_skipsInvalid" classname="com.koala.service.CartServiceImplTest" time="0.016"/>
  <testcase name="add_offSaleProduct_rejected" classname="com.koala.service.CartServiceImplTest" time="0.003"/>
</testsuite>